19:27:39: Creating resource group General
19:27:39: Creating resource group Internal
19:27:39: Creating resource group Autodetect
19:27:39: Registering ResourceManager for type Material
19:27:39: Registering ResourceManager for type Skeleton
19:27:39: Registering ResourceManager for type Mesh
19:27:39: MeshSerializer writing mesh data to stream ...
19:27:39: File header written.
19:27:39: Writing mesh data...
19:27:39: Writing submesh...
19:27:39: Exporting submesh texture aliases...
19:27:39: Submesh texture aliases exported.
19:27:39: Submesh exported.
19:27:39: Writing submesh...
19:27:39: Exporting submesh texture aliases...
19:27:39: Submesh texture aliases exported.
19:27:39: Submesh exported.
19:27:39: Writing submesh...
19:27:39: Exporting submesh texture aliases...
19:27:39: Submesh texture aliases exported.
19:27:39: Submesh exported.
19:27:39: Exporting bounds information....
19:27:39: Bounds information exported.
19:27:39: Exporting submesh name table...
19:27:39: Submesh name table exported.
19:27:39: Mesh data exported.
19:27:39: MeshSerializer export successful.
19:27:39: Unregistering ResourceManager for type Mesh
19:27:39: Unregistering ResourceManager for type Skeleton
19:27:39: Unregistering ResourceManager for type Material
