11:54:17: Creating resource group General
11:54:17: Creating resource group Internal
11:54:17: Creating resource group Autodetect
11:54:17: SceneManagerFactory for type 'DefaultSceneManager' registered.
11:54:17: Registering ResourceManager for type Material
11:54:17: Registering ResourceManager for type Mesh
11:54:17: Registering ResourceManager for type Skeleton
11:54:17: MovableObjectFactory for type 'ParticleSystem' registered.
11:54:17: ArchiveFactory for archive type FileSystem registered.
11:54:17: ArchiveFactory for archive type Zip registered.
11:54:17: ArchiveFactory for archive type EmbeddedZip registered.
11:54:17: DDS codec registering
11:54:17: FreeImage version: 3.17.0
11:54:17: This program uses FreeImage, a free, open source image library supporting all common bitmap formats. See http://freeimage.sourceforge.net for details
11:54:17: Supported formats: bmp,ico,jpg,jif,jpeg,jpe,jng,koa,iff,lbm,mng,pbm,pbm,pcd,pcx,pgm,pgm,png,ppm,ppm,ras,tga,targa,tif,tiff,wap,wbmp,wbm,psd,cut,xbm,xpm,gif,hdr,g3,sgi,rgb,rgba,bw,exr,j2k,j2c,jp2,pfm,pct,pict,pic,3fr,arw,bay,bmq,cap,cine,cr2,crw,cs1,dc2,dcr,drf,dsc,dng,erf,fff,ia,iiq,k25,kc2,kdc,mdc,mef,mos,mrw,nef,nrw,orf,pef,ptx,pxn,qtk,raf,raw,rdc,rw2,rwl,rwz,sr2,srf,srw,sti,x3f,webp,jxr,wdp,hdp
11:54:17: ETC codec registering
11:54:17: Registering ResourceManager for type HighLevelGpuProgram
11:54:17: Registering ResourceManager for type Compositor
11:54:17: MovableObjectFactory for type 'Entity' registered.
11:54:17: MovableObjectFactory for type 'Light' registered.
11:54:17: MovableObjectFactory for type 'BillboardSet' registered.
11:54:17: MovableObjectFactory for type 'ManualObject' registered.
11:54:17: MovableObjectFactory for type 'BillboardChain' registered.
11:54:17: MovableObjectFactory for type 'RibbonTrail' registered.
11:54:17: Loading library Ogre\RenderSystem_GL
11:54:17: Installing plugin: GL RenderSystem
11:54:17: OpenGL Rendering Subsystem created.
11:54:17: Plugin successfully installed
11:54:17: Loading library Ogre\Plugin_ParticleFX
11:54:17: Installing plugin: ParticleFX
11:54:17: Particle Emitter Type 'Point' registered
11:54:17: Particle Emitter Type 'Box' registered
11:54:17: Particle Emitter Type 'Ellipsoid' registered
11:54:17: Particle Emitter Type 'Cylinder' registered
11:54:17: Particle Emitter Type 'Ring' registered
11:54:17: Particle Emitter Type 'HollowEllipsoid' registered
11:54:17: Particle Affector Type 'LinearForce' registered
11:54:17: Particle Affector Type 'ColourFader' registered
11:54:17: Particle Affector Type 'ColourFader2' registered
11:54:17: Particle Affector Type 'ColourImage' registered
11:54:17: Particle Affector Type 'ColourInterpolator' registered
11:54:17: Particle Affector Type 'Scaler' registered
11:54:17: Particle Affector Type 'Rotator' registered
11:54:17: Particle Affector Type 'DirectionRandomiser' registered
11:54:17: Particle Affector Type 'DeflectorPlane' registered
11:54:17: Plugin successfully installed
11:54:17: *-*-* OGRE Initialising
11:54:17: *-*-* Version 1.9.0 (Ghadamon)
11:54:17: Creating resource group Audio
11:54:17: Added resource location 'media/AUDIO' of type 'FileSystem' to resource group 'Audio'
11:54:17: Creating resource group Bullet
11:54:17: Added resource location 'media/BULLET' of type 'FileSystem' to resource group 'Bullet'
11:54:17: Creating resource group Enemy1
11:54:17: Added resource location 'media/ENEMY1' of type 'FileSystem' to resource group 'Enemy1'
11:54:17: Creating resource group Enemy2
11:54:17: Added resource location 'media/ENEMY2' of type 'FileSystem' to resource group 'Enemy2'
11:54:17: Creating resource group Fonts
11:54:17: Added resource location 'media/fonts' of type 'FileSystem' to resource group 'Fonts'
11:54:17: Added resource location 'media' of type 'FileSystem' to resource group 'General'
11:54:17: Creating resource group Imagesets
11:54:17: Added resource location 'media/imagesets' of type 'FileSystem' to resource group 'Imagesets'
11:54:17: Creating resource group Layouts
11:54:17: Added resource location 'media/layouts' of type 'FileSystem' to resource group 'Layouts'
11:54:17: Creating resource group LookNFeel
11:54:17: Added resource location 'media/looknfeel' of type 'FileSystem' to resource group 'LookNFeel'
11:54:17: Creating resource group Map
11:54:17: Added resource location 'media/MAP' of type 'FileSystem' to resource group 'Map'
11:54:17: Creating resource group Mina
11:54:17: Added resource location 'media/MINA' of type 'FileSystem' to resource group 'Mina'
11:54:17: Creating resource group Particles
11:54:17: Added resource location 'media/PARTICLES' of type 'FileSystem' to resource group 'Particles'
11:54:17: Creating resource group Player
11:54:17: Added resource location 'media/PLAYER' of type 'FileSystem' to resource group 'Player'
11:54:17: Creating resource group PlayerDie
11:54:17: Added resource location 'media/PLAYERDIE' of type 'FileSystem' to resource group 'PlayerDie'
11:54:17: Creating resource group Revolver
11:54:17: Added resource location 'media/REVOLVER' of type 'FileSystem' to resource group 'Revolver'
11:54:17: Creating resource group Schemes
11:54:17: Added resource location 'media/schemes' of type 'FileSystem' to resource group 'Schemes'
11:54:17: CPU Identifier & Features
11:54:17: -------------------------
11:54:17:  *   CPU ID: GenuineIntel: Intel(R) Core(TM) i5-4690K CPU @ 3.50GHz
11:54:17:  *      SSE: yes
11:54:17:  *     SSE2: yes
11:54:17:  *     SSE3: yes
11:54:17:  *      MMX: yes
11:54:17:  *   MMXEXT: yes
11:54:17:  *    3DNOW: no
11:54:17:  * 3DNOWEXT: no
11:54:17:  *     CMOV: yes
11:54:17:  *      TSC: yes
11:54:17:  *      FPU: yes
11:54:17:  *      PRO: yes
11:54:17:  *       HT: no
11:54:17: -------------------------
11:54:17: *** Starting Win32GL Subsystem ***
11:54:17: Registering ResourceManager for type Texture
11:54:17: GLRenderSystem::_createRenderWindow "My render window", 1024x768 windowed  miscParams: FSAA=16 FSAAHint= colourDepth=32 displayFrequency=0 gamma=false vsync=true vsyncInterval=1 
11:54:17: Created Win32Window 'My render window' : 1040x807, 32bpp
11:54:17: GL_VERSION = 4.6.0 NVIDIA 390.65
11:54:17: GL_VENDOR = NVIDIA Corporation
11:54:17: GL_RENDERER = GeForce GTX 970/PCIe/SSE2
11:54:17: GL_EXTENSIONS = GL_AMD_multi_draw_indirect GL_AMD_seamless_cubemap_per_texture GL_AMD_vertex_shader_viewport_index GL_AMD_vertex_shader_layer GL_ARB_arrays_of_arrays GL_ARB_base_instance GL_ARB_bindless_texture GL_ARB_blend_func_extended GL_ARB_buffer_storage GL_ARB_clear_buffer_object GL_ARB_clear_texture GL_ARB_clip_control GL_ARB_color_buffer_float GL_ARB_compatibility GL_ARB_compressed_texture_pixel_storage GL_ARB_conservative_depth GL_ARB_compute_shader GL_ARB_compute_variable_group_size GL_ARB_conditional_render_inverted GL_ARB_copy_buffer GL_ARB_copy_image GL_ARB_cull_distance GL_ARB_debug_output GL_ARB_depth_buffer_float GL_ARB_depth_clamp GL_ARB_depth_texture GL_ARB_derivative_control GL_ARB_direct_state_access GL_ARB_draw_buffers GL_ARB_draw_buffers_blend GL_ARB_draw_indirect GL_ARB_draw_elements_base_vertex GL_ARB_draw_instanced GL_ARB_enhanced_layouts GL_ARB_ES2_compatibility GL_ARB_ES3_compatibility GL_ARB_ES3_1_compatibility GL_ARB_ES3_2_compatibility GL_ARB_explicit_attrib_location GL_ARB_explicit_uniform_location GL_ARB_fragment_coord_conventions GL_ARB_fragment_layer_viewport GL_ARB_fragment_program GL_ARB_fragment_program_shadow GL_ARB_fragment_shader GL_ARB_fragment_shader_interlock GL_ARB_framebuffer_no_attachments GL_ARB_framebuffer_object GL_ARB_framebuffer_sRGB GL_ARB_geometry_shader4 GL_ARB_get_program_binary GL_ARB_get_texture_sub_image GL_ARB_gl_spirv GL_ARB_gpu_shader5 GL_ARB_gpu_shader_fp64 GL_ARB_gpu_shader_int64 GL_ARB_half_float_pixel GL_ARB_half_float_vertex GL_ARB_imaging GL_ARB_indirect_parameters GL_ARB_instanced_arrays GL_ARB_internalformat_query GL_ARB_internalformat_query2 GL_ARB_invalidate_subdata GL_ARB_map_buffer_alignment GL_ARB_map_buffer_range GL_ARB_multi_bind GL_ARB_multi_draw_indirect GL_ARB_multisample GL_ARB_multitexture GL_ARB_occlusion_query GL_ARB_occlusion_query2 GL_ARB_parallel_shader_compile GL_ARB_pipeline_statistics_query GL_ARB_pixel_buffer_object GL_ARB_point_parameters GL_ARB_point_sprite GL_ARB_polygon_offset_clamp GL_ARB_post_depth_coverage GL_ARB_program_interface_query GL_ARB_provoking_vertex GL_ARB_query_buffer_object GL_ARB_robust_buffer_access_behavior GL_ARB_robustness GL_ARB_sample_locations GL_ARB_sample_shading GL_ARB_sampler_objects GL_ARB_seamless_cube_map GL_ARB_seamless_cubemap_per_texture GL_ARB_separate_shader_objects GL_ARB_shader_atomic_counter_ops GL_ARB_shader_atomic_counters GL_ARB_shader_ballot GL_ARB_shader_bit_encoding GL_ARB_shader_clock GL_ARB_shader_draw_parameters GL_ARB_shader_group_vote GL_ARB_shader_image_load_store GL_ARB_shader_image_size GL_ARB_shader_objects GL_ARB_shader_precision GL_ARB_shader_storage_buffer_object GL_ARB_shader_subroutine GL_ARB_shader_texture_image_samples GL_ARB_shader_texture_lod GL_ARB_shading_language_100 GL_ARB_shader_viewport_layer_array GL_ARB_shading_language_420pack GL_ARB_shading_language_include GL_ARB_shading_language_packing GL_ARB_shadow GL_ARB_sparse_buffer GL_ARB_sparse_texture GL_ARB_sparse_texture2 GL_ARB_sparse_texture_clamp GL_ARB_spirv_extensions GL_ARB_stencil_texturing GL_ARB_sync GL_ARB_tessellation_shader GL_ARB_texture_barrier GL_ARB_texture_border_clamp GL_ARB_texture_buffer_object GL_ARB_texture_buffer_object_rgb32 GL_ARB_texture_buffer_range GL_ARB_texture_compression GL_ARB_texture_compression_bptc GL_ARB_texture_compression_rgtc GL_ARB_texture_cube_map GL_ARB_texture_cube_map_array GL_ARB_texture_env_add GL_ARB_texture_env_combine GL_ARB_texture_env_crossbar GL_ARB_texture_env_dot3 GL_ARB_texture_filter_anisotropic GL_ARB_texture_filter_minmax GL_ARB_texture_float GL_ARB_texture_gather GL_ARB_texture_mirror_clamp_to_edge GL_ARB_texture_mirrored_repeat GL_ARB_texture_multisample GL_ARB_texture_non_power_of_two GL_ARB_texture_query_levels GL_ARB_texture_query_lod GL_ARB_texture_rectangle GL_ARB_texture_rg GL_ARB_texture_rgb10_a2ui GL_ARB_texture_stencil8 GL_ARB_texture_storage GL_ARB_texture_storage_multisample GL_ARB_texture_swizzle GL_ARB_texture_view GL_ARB_timer_query GL_ARB_transform_feedback2 GL_ARB_transform_feedback3 GL_ARB_transform_feedback_instanced GL_ARB_transform_feedback_overflow_query GL_ARB_transpose_matrix GL_ARB_uniform_buffer_object GL_ARB_vertex_array_bgra GL_ARB_vertex_array_object GL_ARB_vertex_attrib_64bit GL_ARB_vertex_attrib_binding GL_ARB_vertex_buffer_object GL_ARB_vertex_program GL_ARB_vertex_shader GL_ARB_vertex_type_10f_11f_11f_rev GL_ARB_vertex_type_2_10_10_10_rev GL_ARB_viewport_array GL_ARB_window_pos GL_ATI_draw_buffers GL_ATI_texture_float GL_ATI_texture_mirror_once GL_S3_s3tc GL_EXT_texture_env_add GL_EXT_abgr GL_EXT_bgra GL_EXT_bindable_uniform GL_EXT_blend_color GL_EXT_blend_equation_separate GL_EXT_blend_func_separate GL_EXT_blend_minmax GL_EXT_blend_subtract GL_EXT_compiled_vertex_array GL_EXT_Cg_shader GL_EXT_depth_bounds_test GL_EXT_direct_state_access GL_EXT_draw_buffers2 GL_EXT_draw_instanced GL_EXT_draw_range_elements GL_EXT_fog_coord GL_EXT_framebuffer_blit GL_EXT_framebuffer_multisample GL_EXTX_framebuffer_mixed_formats GL_EXT_framebuffer_multisample_blit_scaled GL_EXT_framebuffer_object GL_EXT_framebuffer_sRGB GL_EXT_geometry_shader4 GL_EXT_gpu_program_parameters GL_EXT_gpu_shader4 GL_EXT_multi_draw_arrays GL_EXT_packed_depth_stencil GL_EXT_packed_float GL_EXT_packed_pixels GL_EXT_pixel_buffer_object GL_EXT_point_parameters GL_EXT_polygon_offset_clamp GL_EXT_post_depth_coverage GL_EXT_provoking_vertex GL_EXT_raster_multisample GL_EXT_rescale_normal GL_EXT_secondary_color GL_EXT_separate_shader_objects GL_EXT_separate_specular_color GL_EXT_shader_image_load_formatted GL_EXT_shader_image_load_store GL_EXT_shader_integer_mix GL_EXT_shadow_funcs GL_EXT_sparse_texture2 GL_EXT_stencil_two_side GL_EXT_stencil_wrap GL_EXT_texture3D GL_EXT_texture_array GL_EXT_texture_buffer_object GL_EXT_texture_compression_dxt1 GL_EXT_texture_compression_latc GL_EXT_texture_compression_rgtc GL_EXT_texture_compression_s3tc GL_EXT_texture_cube_map GL_EXT_texture_edge_clamp GL_EXT_texture_env_combine GL_EXT_texture_env_dot3 GL_EXT_texture_filter_anisotropic GL_EXT_texture_filter_minmax GL_EXT_texture_integer GL_EXT_texture_lod GL_EXT_texture_lod_bias GL_EXT_texture_mirror_clamp GL_EXT_texture_object GL_EXT_texture_shared_exponent GL_EXT_texture_sRGB GL_EXT_texture_sRGB_decode GL_EXT_texture_storage GL_EXT_texture_swizzle GL_EXT_timer_query GL_EXT_transform_feedback2 GL_EXT_vertex_array GL_EXT_vertex_array_bgra GL_EXT_vertex_attrib_64bit GL_EXT_window_rectangles GL_EXT_import_sync_object GL_IBM_rasterpos_clip GL_IBM_texture_mirrored_repeat GL_KHR_context_flush_control GL_KHR_debug GL_EXT_memory_object GL_EXT_memory_object_win32 GL_EXT_win32_keyed_mutex GL_KHR_parallel_shader_compile GL_KHR_no_error GL_KHR_robust_buffer_access_behavior GL_KHR_robustness GL_EXT_semaphore GL_EXT_semaphore_win32 GL_KTX_buffer_region GL_NV_alpha_to_coverage_dither_control GL_NV_bindless_multi_draw_indirect GL_NV_bindless_multi_draw_indirect_count GL_NV_bindless_texture GL_NV_blend_equation_advanced GL_NV_blend_equation_advanced_coherent GL_NV_blend_minmax_factor GL_NV_blend_square GL_NV_command_list GL_NV_compute_program5 GL_NV_conditional_render GL_NV_conservative_raster GL_NV_conservative_raster_dilate GL_NV_copy_depth_to_color GL_NV_copy_image GL_NV_depth_buffer_float GL_NV_depth_clamp GL_NV_draw_texture GL_NV_draw_vulkan_image GL_NV_ES1_1_compatibility GL_NV_ES3_1_compatibility GL_NV_explicit_multisample GL_NV_fence GL_NV_fill_rectangle GL_NV_float_buffer GL_NV_fog_distance GL_NV_fragment_coverage_to_color GL_NV_fragment_program GL_NV_fragment_program_option GL_NV_fragment_program2 GL_NV_fragment_shader_interlock GL_NV_framebuffer_mixed_samples GL_NV_framebuffer_multisample_coverage GL_NV_geometry_shader4 GL_NV_geometry_shader_passthrough GL_NV_gpu_program4 GL_NV_internalformat_sample_query GL_NV_gpu_program4_1 GL_NV_gpu_program5 GL_NV_gpu_program5_mem_extended GL_NV_gpu_program_fp64 GL_NV_gpu_shader5 GL_NV_half_float GL_NV_light_max_exponent GL_NV_multisample_coverage GL_NV_multisample_filter_hint GL_NV_occlusion_query GL_NV_packed_depth_stencil GL_NV_parameter_buffer_object GL_NV_parameter_buffer_object2 GL_NV_path_rendering GL_NV_path_rendering_shared_edge GL_NV_pixel_data_range GL_NV_point_sprite GL_NV_primitive_restart GL_NV_query_resource GL_NV_query_resource_tag GL_NV_register_combiners GL_NV_register_combiners2 GL_NV_sample_locations GL_NV_sample_mask_override_coverage GL_NV_shader_atomic_counters GL_NV_shader_atomic_float GL_NV_shader_atomic_fp16_vector GL_NV_shader_atomic_int64 GL_NV_shader_buffer_load GL_NV_shader_storage_buffer_object GL_NV_texgen_reflection GL_NV_texture_barrier GL_NV_texture_compression_vtc GL_NV_texture_env_combine4 GL_NV_texture_multisample GL_NV_texture_rectangle GL_NV_texture_rectangle_compressed GL_NV_texture_shader GL_NV_texture_shader2 GL_NV_texture_shader3 GL_NV_transform_feedback GL_NV_transform_feedback2 GL_NV_uniform_buffer_unified_memory GL_NV_vertex_array_range GL_NV_vertex_array_range2 GL_NV_vertex_attrib_integer_64bit GL_NV_vertex_buffer_unified_memory GL_NV_vertex_program GL_NV_vertex_program1_1 GL_NV_vertex_program2 GL_NV_vertex_program2_option GL_NV_vertex_program3 GL_NV_viewport_array2 GL_NV_viewport_swizzle GL_NVX_conditional_render GL_NVX_gpu_memory_info GL_NVX_multigpu_info GL_NVX_nvenc_interop GL_NV_shader_thread_group GL_NV_shader_thread_shuffle GL_KHR_blend_equation_advanced GL_KHR_blend_equation_advanced_coherent GL_SGIS_generate_mipmap GL_SGIS_texture_lod GL_SGIX_depth_texture GL_SGIX_shadow GL_SUN_slice_accum GL_WIN_swap_hint WGL_EXT_swap_control 
11:54:17: Supported WGL extensions: WGL_ARB_buffer_region WGL_ARB_create_context WGL_ARB_create_context_no_error WGL_ARB_create_context_profile WGL_ARB_create_context_robustness WGL_ARB_context_flush_control WGL_ARB_extensions_string WGL_ARB_make_current_read WGL_ARB_multisample WGL_ARB_pbuffer WGL_ARB_pixel_format WGL_ARB_pixel_format_float WGL_ARB_render_texture WGL_ATI_pixel_format_float WGL_EXT_colorspace WGL_EXT_create_context_es_profile WGL_EXT_create_context_es2_profile WGL_EXT_extensions_string WGL_EXT_framebuffer_sRGB WGL_EXT_pixel_format_packed_float WGL_EXT_swap_control WGL_EXT_swap_control_tear WGL_NVX_DX_interop WGL_NV_DX_interop WGL_NV_DX_interop2 WGL_NV_copy_image WGL_NV_delay_before_swap WGL_NV_float_buffer WGL_NV_multisample_coverage WGL_NV_render_depth_texture WGL_NV_render_texture_rectangle 
11:54:17: ***************************
11:54:17: *** GL Renderer Started ***
11:54:17: ***************************
11:54:17: Registering ResourceManager for type GpuProgram
11:54:17: GLSL support detected
11:54:17: GL: Using GL_EXT_framebuffer_object for rendering to textures (best)
11:54:17: FBO PF_UNKNOWN depth/stencil support: D0S8 D16S0 D24S0 D32S0 Packed-D24S8 
11:54:17: FBO PF_L8 depth/stencil support: D0S0 D0S8 D16S0 D24S0 D32S0 Packed-D24S8 
11:54:17: FBO PF_A8 depth/stencil support: D0S0 D0S8 D16S0 D24S0 D32S0 Packed-D24S8 
11:54:17: FBO PF_A4L4 depth/stencil support: D0S0 D0S8 D16S0 D24S0 D32S0 Packed-D24S8 
11:54:17: FBO PF_BYTE_LA depth/stencil support: D0S0 D0S8 D16S0 D24S0 D32S0 Packed-D24S8 
11:54:17: FBO PF_R5G6B5 depth/stencil support: D0S0 D0S8 D16S0 D24S0 D32S0 Packed-D24S8 
11:54:17: FBO PF_B5G6R5 depth/stencil support: D0S0 D0S8 D16S0 D24S0 D32S0 Packed-D24S8 
11:54:18: FBO PF_A4R4G4B4 depth/stencil support: D0S0 D0S8 D16S0 D24S0 D32S0 Packed-D24S8 
11:54:18: FBO PF_A1R5G5B5 depth/stencil support: D0S0 D0S8 D16S0 D24S0 D32S0 Packed-D24S8 
11:54:18: FBO PF_R8G8B8 depth/stencil support: D0S0 D0S8 D16S0 D24S0 D32S0 Packed-D24S8 
11:54:18: FBO PF_B8G8R8 depth/stencil support: D0S0 D0S8 D16S0 D24S0 D32S0 Packed-D24S8 
11:54:18: FBO PF_A8R8G8B8 depth/stencil support: D0S0 D0S8 D16S0 D24S0 D32S0 Packed-D24S8 
11:54:18: FBO PF_B8G8R8A8 depth/stencil support: D0S0 D0S8 D16S0 D24S0 D32S0 Packed-D24S8 
11:54:18: FBO PF_A2R10G10B10 depth/stencil support: D0S0 D0S8 D16S0 D24S0 D32S0 Packed-D24S8 
11:54:18: FBO PF_A2B10G10R10 depth/stencil support: D0S0 D0S8 D16S0 D24S0 D32S0 Packed-D24S8 
11:54:18: FBO PF_FLOAT16_RGB depth/stencil support: D0S0 D0S8 D16S0 D24S0 D32S0 Packed-D24S8 
11:54:18: FBO PF_FLOAT16_RGBA depth/stencil support: D0S0 D0S8 D16S0 D24S0 D32S0 Packed-D24S8 
11:54:18: FBO PF_FLOAT32_RGB depth/stencil support: D0S0 D0S8 D16S0 D24S0 D32S0 Packed-D24S8 
11:54:18: FBO PF_FLOAT32_RGBA depth/stencil support: D0S0 D0S8 D16S0 D24S0 D32S0 Packed-D24S8 
11:54:18: FBO PF_X8R8G8B8 depth/stencil support: D0S0 D0S8 D16S0 D24S0 D32S0 Packed-D24S8 
11:54:18: FBO PF_X8B8G8R8 depth/stencil support: D0S0 D0S8 D16S0 D24S0 D32S0 Packed-D24S8 
11:54:18: FBO PF_SHORT_RGBA depth/stencil support: D0S0 D0S8 D16S0 D24S0 D32S0 Packed-D24S8 
11:54:18: FBO PF_R3G3B2 depth/stencil support: D0S0 D0S8 D16S0 D24S0 D32S0 Packed-D24S8 
11:54:18: FBO PF_FLOAT16_R depth/stencil support: D0S0 D0S8 D16S0 D24S0 D32S0 Packed-D24S8 
11:54:18: FBO PF_FLOAT32_R depth/stencil support: D0S0 D0S8 D16S0 D24S0 D32S0 Packed-D24S8 
11:54:18: FBO PF_FLOAT16_GR depth/stencil support: D0S0 D0S8 D16S0 D24S0 D32S0 Packed-D24S8 
11:54:18: FBO PF_FLOAT32_GR depth/stencil support: D0S0 D0S8 D16S0 D24S0 D32S0 Packed-D24S8 
11:54:18: FBO PF_SHORT_RGB depth/stencil support: D0S0 D0S8 D16S0 D24S0 D32S0 Packed-D24S8 
11:54:18: [GL] : Valid FBO targets PF_UNKNOWN PF_L8 PF_A8 PF_A4L4 PF_BYTE_LA PF_R5G6B5 PF_B5G6R5 PF_A4R4G4B4 PF_A1R5G5B5 PF_R8G8B8 PF_B8G8R8 PF_A8R8G8B8 PF_B8G8R8A8 PF_A2R10G10B10 PF_A2B10G10R10 PF_FLOAT16_RGB PF_FLOAT16_RGBA PF_FLOAT32_RGB PF_FLOAT32_RGBA PF_X8R8G8B8 PF_X8B8G8R8 PF_SHORT_RGBA PF_R3G3B2 PF_FLOAT16_R PF_FLOAT32_R PF_FLOAT16_GR PF_FLOAT32_GR PF_SHORT_RGB 
11:54:18: RenderSystem capabilities
11:54:18: -------------------------
11:54:18: RenderSystem Name: OpenGL Rendering Subsystem
11:54:18: GPU Vendor: nvidia
11:54:18: Device Name: GeForce GTX 970/PCIe/SSE2
11:54:18: Driver Version: 4.6.0.0
11:54:18:  * Fixed function pipeline: yes
11:54:18:  * Hardware generation of mipmaps: yes
11:54:18:  * Texture blending: yes
11:54:18:  * Anisotropic texture filtering: yes
11:54:18:  * Dot product texture operation: yes
11:54:18:  * Cube mapping: yes
11:54:18:  * Hardware stencil buffer: yes
11:54:18:    - Stencil depth: 8
11:54:18:    - Two sided stencil support: yes
11:54:18:    - Wrap stencil values: yes
11:54:18:  * Hardware vertex / index buffers: yes
11:54:18:  * 32-bit index buffers: yes
11:54:18:  * Vertex programs: yes
11:54:18:  * Number of floating-point constants for vertex programs: 1024
11:54:18:  * Number of integer constants for vertex programs: 0
11:54:18:  * Number of boolean constants for vertex programs: 0
11:54:18:  * Fragment programs: yes
11:54:18:  * Number of floating-point constants for fragment programs: 1024
11:54:18:  * Number of integer constants for fragment programs: 0
11:54:18:  * Number of boolean constants for fragment programs: 0
11:54:18:  * Geometry programs: yes
11:54:18:  * Number of floating-point constants for geometry programs: 2048
11:54:18:  * Number of integer constants for geometry programs: 0
11:54:18:  * Number of boolean constants for geometry programs: 0
11:54:18:  * Tesselation Hull programs: no
11:54:18:  * Number of floating-point constants for tesselation hull programs: 4
11:54:18:  * Number of integer constants for tesselation hull programs: 0
11:54:18:  * Number of boolean constants for tesselation hull programs: 4
11:54:18:  * Tesselation Domain programs: no
11:54:18:  * Number of floating-point constants for tesselation domain programs: 0
11:54:18:  * Number of integer constants for tesselation domain programs: 4
11:54:18:  * Number of boolean constants for tesselation domain programs: 0
11:54:18:  * Compute programs: no
11:54:18:  * Number of floating-point constants for compute programs: 4
11:54:18:  * Number of integer constants for compute programs: 0
11:54:18:  * Number of boolean constants for compute programs: 0
11:54:18:  * Supported Shader Profiles: arbfp1 arbvp1 fp20 fp30 fp40 glsl glsl100 glsl110 glsl120 gp4fp gp4gp gp4vp gpu_fp gpu_gp gpu_vp nvgp4 vp30 vp40
11:54:18:  * Texture Compression: yes
11:54:18:    - DXT: yes
11:54:18:    - VTC: yes
11:54:18:    - PVRTC: no
11:54:18:    - ATC: no
11:54:18:    - ETC1: no
11:54:18:    - ETC2: no
11:54:18:    - BC4/BC5: no
11:54:18:    - BC6H/BC7: no
11:54:18:  * Scissor Rectangle: yes
11:54:18:  * Hardware Occlusion Query: yes
11:54:18:  * User clip planes: yes
11:54:18:  * VET_UBYTE4 vertex element type: yes
11:54:18:  * Infinite far plane projection: yes
11:54:18:  * Hardware render-to-texture: yes
11:54:18:  * Floating point textures: yes
11:54:18:  * Non-power-of-two textures: yes
11:54:18:  * 1d textures: yes
11:54:18:  * Volume textures: yes
11:54:18:  * Multiple Render Targets: 8
11:54:18:    - With different bit depths: yes
11:54:18:  * Point Sprites: yes
11:54:18:  * Extended point parameters: yes
11:54:18:  * Max Point Size: 2047
11:54:18:  * Vertex texture fetch: yes
11:54:18:  * Number of world matrices: 0
11:54:18:  * Number of texture units: 16
11:54:18:  * Stencil buffer depth: 8
11:54:18:  * Number of vertex blend matrices: 0
11:54:18:    - Max vertex textures: 32
11:54:18:    - Vertex textures shared: yes
11:54:18:  * Render to Vertex Buffer : yes
11:54:18:  * Hardware Atomic Counters: no
11:54:18:  * GL 1.5 without VBO workaround: no
11:54:18:  * Frame Buffer objects: yes
11:54:18:  * Frame Buffer objects (ARB extension): no
11:54:18:  * Frame Buffer objects (ATI extension): no
11:54:18:  * PBuffer support: yes
11:54:18:  * GL 1.5 without HW-occlusion workaround: no
11:54:18:  * Vertex Array Objects: no
11:54:18:  * Separate shader objects: no
11:54:18: Using FSAA from GL_ARB_multisample extension.
11:54:18: DefaultWorkQueue('Root') initialising on thread 5d8.
11:54:18: Particle Renderer Type 'billboard' registered
11:54:18: DefaultWorkQueue('Root')::WorkerFunc - thread 13f8 starting.
11:54:18: DefaultWorkQueue('Root')::WorkerFunc - thread 204 starting.
11:54:18: DefaultWorkQueue('Root')::WorkerFunc - thread 370c starting.
11:54:18: DefaultWorkQueue('Root')::WorkerFunc - thread 5fc starting.
11:54:18: Parsing scripts for resource group Audio
11:54:18: Finished parsing scripts for resource group Audio
11:54:18: Creating resources for group Audio
11:54:18: All done
11:54:18: Parsing scripts for resource group Autodetect
11:54:18: Finished parsing scripts for resource group Autodetect
11:54:18: Creating resources for group Autodetect
11:54:18: All done
11:54:18: Parsing scripts for resource group Bullet
11:54:18: Parsing script Bullet.001.material
11:54:18: Finished parsing scripts for resource group Bullet
11:54:18: Creating resources for group Bullet
11:54:18: All done
11:54:18: Parsing scripts for resource group Enemy1
11:54:18: Parsing script CuerpoEnemyFigther.material
11:54:18: Parsing script OjoEnemyFighter.material
11:54:18: Parsing script PatasEnemyFighter.material
11:54:18: Finished parsing scripts for resource group Enemy1
11:54:18: Creating resources for group Enemy1
11:54:18: All done
11:54:18: Parsing scripts for resource group Enemy2
11:54:18: Parsing script EnemyMineCuerpo.material
11:54:18: Parsing script EnemyMineOjo.material
11:54:18: Parsing script EnemyMinePies.material
11:54:18: Finished parsing scripts for resource group Enemy2
11:54:18: Creating resources for group Enemy2
11:54:18: All done
11:54:18: Parsing scripts for resource group Fonts
11:54:18: Finished parsing scripts for resource group Fonts
11:54:18: Creating resources for group Fonts
11:54:18: All done
11:54:18: Parsing scripts for resource group General
11:54:18: Finished parsing scripts for resource group General
11:54:18: Creating resources for group General
11:54:18: All done
11:54:18: Parsing scripts for resource group Imagesets
11:54:18: Finished parsing scripts for resource group Imagesets
11:54:18: Creating resources for group Imagesets
11:54:18: All done
11:54:18: Parsing scripts for resource group Internal
11:54:18: Finished parsing scripts for resource group Internal
11:54:18: Creating resources for group Internal
11:54:18: All done
11:54:18: Parsing scripts for resource group Layouts
11:54:18: Finished parsing scripts for resource group Layouts
11:54:18: Creating resources for group Layouts
11:54:18: All done
11:54:18: Parsing scripts for resource group LookNFeel
11:54:18: Finished parsing scripts for resource group LookNFeel
11:54:18: Creating resources for group LookNFeel
11:54:18: All done
11:54:18: Parsing scripts for resource group Map
11:54:18: Parsing script Ground.material
11:54:18: Parsing script ObstacleMaterial.material
11:54:18: Parsing script TileMaterial.material
11:54:18: Finished parsing scripts for resource group Map
11:54:18: Creating resources for group Map
11:54:18: All done
11:54:18: Parsing scripts for resource group Mina
11:54:18: Parsing script Mina2.material
11:54:18: Parsing script Mina2_Render_Result.material
11:54:18: Parsing script Mina3.material
11:54:18: Parsing script Mina4.material
11:54:18: Finished parsing scripts for resource group Mina
11:54:18: Creating resources for group Mina
11:54:18: All done
11:54:18: Parsing scripts for resource group Particles
11:54:18: Parsing script ball.material
11:54:18: Parsing script BallMaterial.material
11:54:18: Parsing script BrightStar.000.material
11:54:18: Parsing script BrightStar.001.material
11:54:18: Parsing script Bump.material
11:54:18: Compiler error: reference to a non existing object in Bump.material(17)
11:54:18: Compiler error: reference to a non existing object in Bump.material(21)
11:54:18: Parsing script Classic.000.material
11:54:18: Parsing script Classic.001.material
11:54:18: Parsing script Fireball.000.material
11:54:18: Parsing script Fireball.001.material
11:54:18: Parsing script Flare.000.material
11:54:18: Parsing script Flare.001.material
11:54:18: Parsing script Grid.material
11:54:18: Parsing script Ground.material
11:54:18: Compiler error: unknown error in Ground.material(73): token class, Material, unrecognized.
11:54:18: Parsing script Heat.000.material
11:54:18: Parsing script Heat.001.material
11:54:18: Parsing script Hidden.000.material
11:54:18: Parsing script Hidden.001.material
11:54:18: Parsing script Hidden.002.material
11:54:18: Parsing script hipower_material.material
11:54:18: Parsing script initialShadingGroup.material
11:54:18: Parsing script KouraiCross.material
11:54:18: Parsing script Material.002.material
11:54:18: Parsing script Material.003.material
11:54:18: Parsing script Material.004.material
11:54:18: Parsing script Material.material
11:54:18: Parsing script middleWalls.material
11:54:18: Parsing script Plasma.material
11:54:18: Compiler error: reference to a non existing object in Plasma.material(13)
11:54:18: Compiler error: reference to a non existing object in Plasma.material(16)
11:54:18: Parsing script Special.000.material
11:54:18: Parsing script Special.001.material
11:54:18: Parsing script Sun.000.material
11:54:18: Parsing script Sun.001.material
11:54:18: Parsing script surfaceShader1SG.material
11:54:18: Parsing script surfaceShader2SG.material
11:54:18: Parsing script Thunder.001.material
11:54:18: Parsing script Walls.material
11:54:18: Parsing script Bullet.particle
11:54:18: Parsing script Bullet2.particle
11:54:18: Parsing script BulletHitWall.particle
11:54:18: Parsing script Core.particle
11:54:18: Parsing script CoreParticle.particle
11:54:18: Parsing script CoreParticle2.particle
11:54:18: Parsing script CoreParticle3.particle
11:54:18: Parsing script Explosion.particle
11:54:18: Parsing script FireFloor.particle
11:54:18: Parsing script Mine.particle
11:54:18: Parsing script Potion.particle
11:54:18: Parsing script Sangre.particle
11:54:18: Parsing script Sangre2.particle
11:54:18: Parsing script sangre3.particle
11:54:18: Parsing script Sangre4.particle
11:54:18: Parsing script shoot.particle
11:54:18: Parsing script ShootHunter.particle
11:54:18: Parsing script ShootParticle.particle
11:54:18: Finished parsing scripts for resource group Particles
11:54:18: Creating resources for group Particles
11:54:18: All done
11:54:18: Parsing scripts for resource group Player
11:54:18: Parsing script PlayerCinturon.material
11:54:18: Parsing script PlayerCuerpo.material
11:54:18: Parsing script PlayerHebilla.material
11:54:18: Parsing script PlayerSombrero.material
11:54:18: Parsing script PlayerSombreroTira.material
11:54:18: Finished parsing scripts for resource group Player
11:54:18: Creating resources for group Player
11:54:18: All done
11:54:18: Parsing scripts for resource group PlayerDie
11:54:18: Parsing script Material.001.material
11:54:18: Parsing script Material.002.material
11:54:18: Parsing script Material.003.material
11:54:18: Parsing script Material.004.material
11:54:18: Parsing script Material.005.material
11:54:18: Finished parsing scripts for resource group PlayerDie
11:54:18: Creating resources for group PlayerDie
11:54:18: All done
11:54:18: Parsing scripts for resource group Revolver
11:54:18: Parsing script Material_008.material
11:54:18: Finished parsing scripts for resource group Revolver
11:54:18: Creating resources for group Revolver
11:54:18: All done
11:54:18: Parsing scripts for resource group Schemes
11:54:18: Finished parsing scripts for resource group Schemes
11:54:18: Creating resources for group Schemes
11:54:18: All done
11:54:18: Creating resource group OgreBulletCollisions
11:54:18: Mesh: Loading Obstacle.mesh.
11:54:18: Texture: WoodBox.png: Loading 1 faces(PF_A8R8G8B8,1024x1024x1) with 10 hardware generated mipmaps from Image. Internal format is PF_A8R8G8B8,1024x1024x1.
11:54:18: Texture: wood.png: Loading 1 faces(PF_R8G8B8,1024x1024x1) with 10 hardware generated mipmaps from Image. Internal format is PF_X8R8G8B8,1024x1024x1.
11:54:18: Texture: floor.jpg: Loading 1 faces(PF_R8G8B8,240x240x1) with 7 hardware generated mipmaps from Image. Internal format is PF_X8R8G8B8,240x240x1.
11:54:18: Mesh: Loading Tile.mesh.
11:54:19: Registering ResourceManager for type Track
11:54:19: Registering ResourceManager for type SoundFX
11:54:22: Texture: Fireball.001.png: Loading 1 faces(PF_A8R8G8B8,256x256x1) with 8 hardware generated mipmaps from Image. Internal format is PF_A8R8G8B8,256x256x1.
11:54:24: Mesh: Loading Player.mesh.
11:54:24: Mesh: Loading Revolver.mesh.
11:54:24: Texture: revolver.001_n.png: Loading 1 faces(PF_A8R8G8B8,2048x2048x1) with 11 hardware generated mipmaps from Image. Internal format is PF_A8R8G8B8,2048x2048x1.
11:54:24: Texture: Flare.000.png: Loading 1 faces(PF_R8G8B8,256x256x1) with 8 hardware generated mipmaps from Image. Internal format is PF_X8R8G8B8,256x256x1.
11:54:24: OGRE EXCEPTION(7:InternalErrorException): Cannot load GL vertex program Ogre/ShadowExtrudeDirLightFiniteDebug.  Line 295:
line 12, column 5:  error: invalid destination variable
line 13, column 5:  error: invalid destination variable
line 14, column 13:  error: invalid operand variable
 in Ogre/ShadowExtrudeDirLightFiniteDebug at ..\..\..\RenderSystems\GL\src\OgreGLGpuProgram.cpp (line 251)
11:54:24: Gpu program Ogre/ShadowExtrudeDirLightFiniteDebug encountered an error during loading and is thus not supported.
11:54:24: Texture: spot_shadow_fade.png: Loading 1 faces(PF_R8G8B8,128x128x1) with 7 hardware generated mipmaps from Image. Internal format is PF_X8R8G8B8,128x128x1.
11:54:25: Mesh: Loading EnemyFighter.mesh.
11:54:25: Texture: Fireball.000.png: Loading 1 faces(PF_A8R8G8B8,256x256x1) with 8 hardware generated mipmaps from Image. Internal format is PF_A8R8G8B8,256x256x1.
11:54:25: Mesh: Loading BulletSphere.mesh.
11:54:37: Mesh: Loading EnemyMine.mesh.
11:54:41: Mesh: Loading Mina.mesh.
11:55:04: DefaultWorkQueue('Root') shutting down on thread 5d8.
11:55:04: DefaultWorkQueue('Root')::WorkerFunc - thread 204 stopped.
11:55:04: DefaultWorkQueue('Root')::WorkerFunc - thread 13f8 stopped.
11:55:04: DefaultWorkQueue('Root')::WorkerFunc - thread 370c stopped.
11:55:04: DefaultWorkQueue('Root')::WorkerFunc - thread 5fc stopped.
11:55:04: *-*-* OGRE Shutdown
11:55:04: Unregistering ResourceManager for type Compositor
11:55:04: Unregistering ResourceManager for type Skeleton
11:55:04: Unregistering ResourceManager for type Mesh
11:55:04: Unregistering ResourceManager for type HighLevelGpuProgram
11:55:04: Uninstalling plugin: ParticleFX
11:55:04: Plugin successfully uninstalled
11:55:04: Unloading library Ogre\Plugin_ParticleFX
11:55:04: Uninstalling plugin: GL RenderSystem
11:55:04: Unregistering ResourceManager for type GpuProgram
11:55:04: *** Stopping Win32GL Subsystem ***
11:55:04: Unregistering ResourceManager for type Texture
11:55:04: Plugin successfully uninstalled
11:55:04: Unloading library Ogre\RenderSystem_GL
11:55:04: Unregistering ResourceManager for type Material
